{"C:\\Users\\E6440\\Desktop\\Maximum-Product-of-Three-Numbers-in-an-Array\\app.js": {"path":"C:\\Users\\E6440\\Desktop\\Maximum-Product-of-Three-Numbers-in-an-Array\\app.js","statementMap":{"0":{"start":{"line":1,"column":19},"end":{"line":14,"column":1}},"1":{"start":{"line":2,"column":4},"end":{"line":2,"column":40}},"2":{"start":{"line":2,"column":28},"end":{"line":2,"column":40}},"3":{"start":{"line":3,"column":4},"end":{"line":3,"column":33}},"4":{"start":{"line":3,"column":21},"end":{"line":3,"column":33}},"5":{"start":{"line":4,"column":22},"end":{"line":4,"column":44}},"6":{"start":{"line":4,"column":39},"end":{"line":4,"column":42}},"7":{"start":{"line":5,"column":17},"end":{"line":5,"column":25}},"8":{"start":{"line":6,"column":18},"end":{"line":6,"column":19}},"9":{"start":{"line":7,"column":4},"end":{"line":9,"column":5}},"10":{"start":{"line":7,"column":16},"end":{"line":7,"column":17}},"11":{"start":{"line":8,"column":8},"end":{"line":8,"column":56}},"12":{"start":{"line":8,"column":34},"end":{"line":8,"column":56}},"13":{"start":{"line":10,"column":4},"end":{"line":12,"column":5}},"14":{"start":{"line":10,"column":16},"end":{"line":10,"column":26}},"15":{"start":{"line":11,"column":8},"end":{"line":11,"column":43}},"16":{"start":{"line":13,"column":4},"end":{"line":13,"column":19}},"17":{"start":{"line":15,"column":0},"end":{"line":15,"column":34}},"18":{"start":{"line":17,"column":0},"end":{"line":17,"column":28}}},"fnMap":{"0":{"name":"(anonymous_0)","decl":{"start":{"line":1,"column":19},"end":{"line":1,"column":20}},"loc":{"start":{"line":1,"column":26},"end":{"line":14,"column":1}},"line":1},"1":{"name":"(anonymous_1)","decl":{"start":{"line":4,"column":29},"end":{"line":4,"column":30}},"loc":{"start":{"line":4,"column":39},"end":{"line":4,"column":42}},"line":4}},"branchMap":{"0":{"loc":{"start":{"line":2,"column":4},"end":{"line":2,"column":40}},"type":"if","locations":[{"start":{"line":2,"column":4},"end":{"line":2,"column":40}},{"start":{"line":2,"column":4},"end":{"line":2,"column":40}}],"line":2},"1":{"loc":{"start":{"line":3,"column":4},"end":{"line":3,"column":33}},"type":"if","locations":[{"start":{"line":3,"column":4},"end":{"line":3,"column":33}},{"start":{"line":3,"column":4},"end":{"line":3,"column":33}}],"line":3},"2":{"loc":{"start":{"line":8,"column":8},"end":{"line":8,"column":56}},"type":"if","locations":[{"start":{"line":8,"column":8},"end":{"line":8,"column":56}},{"start":{"line":8,"column":8},"end":{"line":8,"column":56}}],"line":8}},"s":{"0":1,"1":5,"2":0,"3":5,"4":2,"5":3,"6":21,"7":3,"8":3,"9":3,"10":3,"11":11,"12":2,"13":1,"14":1,"15":3,"16":1,"17":1,"18":1},"f":{"0":5,"1":21},"b":{"0":[0,5],"1":[2,3],"2":[2,9]},"_coverageSchema":"1a1c01bbd47fc00a2c39e90264f33305004495a9","hash":"6307618aaca1bac71ed040ee6eed0e450f4cdb00"}
}
